<?xml version="1.0" encoding="UTF-8"?>
<!-- Generated by org.testng.reporters.JUnitReportReporter -->
<testsuite hostname="DESKTOP-BFCFUBE" failures="0" tests="2" name="Project.project1.HomePage" time="18.789" errors="0" timestamp="2021-04-30T09:25:26 CDT" skipped="0">
  <testcase classname="Project.project1.HomePage" name="homePageNavig" time="12.797"/>
  <system-out/>
  <testcase classname="Project.project1.HomePage" name="homePageNavig" time="5.992"/>
  <system-out/>
</testsuite> <!-- Project.project1.HomePage -->
