<?xml version="1.0" encoding="UTF-8"?>
<!-- Generated by org.testng.reporters.JUnitReportReporter -->
<testsuite hostname="DESKTOP-BFCFUBE" failures="0" tests="1" name="Project.project1.ValidateTitle" time="2.333" errors="0" timestamp="2021-04-30T09:25:26 CDT" skipped="0">
  <testcase classname="Project.project1.ValidateTitle" name="homePageNavig" time="2.333"/>
  <system-out/>
</testsuite> <!-- Project.project1.ValidateTitle -->
