<?xml version="1.0" encoding="UTF-8"?>
<!-- Generated by org.testng.reporters.JUnitReportReporter -->
<testsuite hostname="DESKTOP-BFCFUBE" failures="0" tests="1" name="Project.project1.NavBar" time="0.572" errors="0" timestamp="2021-04-30T12:23:39 CDT" skipped="0">
  <testcase classname="Project.project1.NavBar" name="homePageNavig" time="0.572"/>
  <system-out/>
</testsuite> <!-- Project.project1.NavBar -->
